<?xml version="1.0" encoding="UTF-8"?>
<testsuite xmlns:xsi="http://www.w3.org/2001/XMLSchema-instance" xsi:noNamespaceSchemaLocation="https://maven.apache.org/surefire/maven-surefire-plugin/xsd/surefire-test-report-3.0.xsd" version="3.0" name="com.infy.AwsDemoApplicationTests" time="9.865" tests="1" errors="0" skipped="0" failures="0">
  <properties>
[...]
</properties>
  <testcase name="contextLoads" classname="com.infy.AwsDemoApplicationTests" time="3.636">
    <system-out><![CDATA[16:39:00.401 [main] INFO org.springframework.test.context.support.AnnotationConfigContextLoaderUtils -- Could not detect default configuration classes for test class [com.infy.AwsDemoApplicationTests]: AwsDemoApplicationTests does not declare any static, non-private, non-final, nested classes annotated with @Configuration.
16:39:00.742 [main] INFO org.springframework.boot.test.context.SpringBootTestContextBootstrapper -- Found @SpringBootConfiguration com.infy.AwsDemoApplication for test class com.infy.AwsDemoApplicationTests

  .   ____          _            __ _ _
 /\\ / ___'_ __ _ _(_)_ __  __ _ \ \ \ \
( ( )\___ | '_ | '_| | '_ \/ _` | \ \ \ \
 \\/  ___)| |_)| | | | | || (_| |  ) ) ) )
  '  |____| .__|_| |_|_| |_\__, | / / / /
 =========|_|==============|___/=/_/_/_/
 :: Spring Boot ::                (v3.1.0)

2023-06-09T16:39:02.266+05:30  INFO 12196 --- [           main] com.infy.AwsDemoApplicationTests         : Starting AwsDemoApplicationTests using Java 17.0.5 with PID 12196 (started by SONY in C:\Users\SONY\eclipse-workspace\AWS_Demo)
2023-06-09T16:39:02.279+05:30  INFO 12196 --- [           main] com.infy.AwsDemoApplicationTests         : No active profile set, falling back to 1 default profile: "default"
2023-06-09T16:39:04.430+05:30  INFO 12196 --- [           main] trationDelegate$BeanPostProcessorChecker : Bean 'org.springframework.ws.config.annotation.DelegatingWsConfiguration' of type [org.springframework.ws.config.annotation.DelegatingWsConfiguration$$SpringCGLIB$$0] is not eligible for getting processed by all BeanPostProcessors (for example: not eligible for auto-proxying)
2023-06-09T16:39:04.536+05:30  INFO 12196 --- [           main] .w.s.a.s.AnnotationActionEndpointMapping : Supporting [WS-Addressing August 2004, WS-Addressing 1.0]
2023-06-09T16:39:05.988+05:30  INFO 12196 --- [           main] com.infy.AwsDemoApplicationTests         : Started AwsDemoApplicationTests in 4.699 seconds (process running for 8.453)
]]></system-out>
  </testcase>
</testsuite>